<?xml version="1.0" encoding="UTF-8"?>
<testng-results ignored="0" total="1" passed="1" failed="0" skipped="0">
  <reporter-output>
  </reporter-output>
  <suite started-at="2018-12-11T20:01:45Z" name="Default suite" finished-at="2018-12-11T20:02:05Z" duration-ms="20042">
    <groups>
    </groups>
    <test started-at="2018-12-11T20:01:45Z" name="Default test" finished-at="2018-12-11T20:02:05Z" duration-ms="20042">
      <class name="com.cybertek.saurceTest">
        <test-method signature="login()[pri:0, instance:com.cybertek.saurceTest@43c1b556]" started-at="2018-12-11T20:01:45Z" name="login" finished-at="2018-12-11T20:02:05Z" duration-ms="20017" status="PASS">
          <reporter-output>
          </reporter-output>
        </test-method> <!-- login -->
      </class> <!-- com.cybertek.saurceTest -->
    </test> <!-- Default test -->
  </suite> <!-- Default suite -->
</testng-results>
