<?xml version="1.0" encoding="UTF-8"?>
<!-- Generated by org.testng.reporters.JUnitXMLReporter -->
<testsuite ignored="0" hostname="ferides-MacBook-Pro.local" failures="0" tests="4" name="Test" time="23.931" errors="0" timestamp="07 Dec 2018 05:11:41 GMT">
  <testcase classname="cybertek3.TaskTest" name="verifyTitle" time="0.008"/>
  <testcase classname="cybertek3.TaskTest" name="searchJob" time="5.461"/>
  <testcase classname="cybertek3.TaskTest" name="searchJob" time="3.073"/>
  <testcase classname="cybertek3.TaskTest" name="searchJob" time="7.058"/>
</testsuite> <!-- Test -->
