<?xml version="1.0" encoding="UTF-8"?>
<!-- Generated by org.testng.reporters.JUnitXMLReporter -->
<testsuite ignored="0" hostname="ferides-MacBook-Pro.local" failures="0" tests="4" name="Command line test" time="30.979" errors="0" timestamp="07 Dec 2018 02:49:22 GMT">
  <testcase classname="cybertek.AppTest" name="testApp" time="0.004"/>
  <testcase classname="cybertek.AmazonTest" name="navigationamazon" time="11.318"/>
  <testcase classname="cybertek2.ABCTest" name="navigationyahoo" time="1.752"/>
  <testcase classname="cybertek2.CNNTest" name="navigationyahoo" time="17.879"/>
</testsuite> <!-- Command line test -->
