<?xml version="1.0" encoding="UTF-8"?>
<testng-results ignored="0" total="1" passed="1" failed="0" skipped="0">
  <reporter-output>
  </reporter-output>
  <suite started-at="2018-12-11T21:57:39Z" name="Suite" finished-at="2018-12-11T21:58:23Z" duration-ms="43691">
    <groups>
    </groups>
    <test started-at="2018-12-11T21:57:39Z" name="Test" finished-at="2018-12-11T21:58:23Z" duration-ms="43691">
      <class name="com.zoho.zohoTest">
        <test-method is-config="true" signature="setUp()[pri:0, instance:com.zoho.zohoTest@4d4d48a6]" started-at="2018-12-11T21:57:39Z" name="setUp" finished-at="2018-12-11T21:57:43Z" duration-ms="4183" status="PASS">
          <reporter-output>
          </reporter-output>
        </test-method> <!-- setUp -->
        <test-method is-config="true" signature="setUp()[pri:0, instance:com.zoho.zohoTest@4d4d48a6]" started-at="2018-12-11T21:57:43Z" name="setUp" finished-at="2018-12-11T21:57:49Z" duration-ms="6020" status="PASS">
          <reporter-output>
          </reporter-output>
        </test-method> <!-- setUp -->
        <test-method signature="printExel()[pri:0, instance:com.zoho.zohoTest@4d4d48a6]" started-at="2018-12-11T21:57:49Z" name="printExel" finished-at="2018-12-11T21:58:23Z" duration-ms="33392" status="PASS">
          <reporter-output>
          </reporter-output>
        </test-method> <!-- printExel -->
        <test-method is-config="true" signature="closeUp()[pri:0, instance:com.zoho.zohoTest@4d4d48a6]" started-at="2018-12-11T21:58:23Z" name="closeUp" finished-at="2018-12-11T21:58:23Z" duration-ms="76" status="PASS">
          <reporter-output>
          </reporter-output>
        </test-method> <!-- closeUp -->
      </class> <!-- com.zoho.zohoTest -->
    </test> <!-- Test -->
  </suite> <!-- Suite -->
</testng-results>
