<?xml version="1.0" encoding="UTF-8"?>
<testsuite xmlns:xsi="http://www.w3.org/2001/XMLSchema-instance" xsi:noNamespaceSchemaLocation="https://maven.apache.org/surefire/maven-surefire-plugin/xsd/surefire-test-report.xsd" name="TestSuite" time="11.415" tests="2" errors="0" skipped="0" failures="1">
  <properties>
[...]
</properties>
  <testcase name="login" classname="com.grid.gridTest2" time="1.454">
    <failure message="Cannot define class using reflection&#10;Command duration or timeout: 1.04 seconds" type="org.openqa.selenium.WebDriverException">org.openqa.selenium.WebDriverException: 
Cannot define class using reflection
Command duration or timeout: 1.04 seconds
	at com.grid.gridTest2.login(gridTest2.java:19)
Caused by: org.openqa.selenium.WebDriverException: 
Cannot define class using reflection
Build info: version: '3.141.59', revision: 'e82be7d358', time: '2018-11-14T08:17:03'
System info: host: 'ferides-MacBook-Pro.local', ip: 'fe80:0:0:0:18fa:b4db:8895:71fc%en0', os.name: 'Mac OS X', os.arch: 'x86_64', os.version: '10.14.1', java.version: '10.0.2'
Driver info: driver.version: unknown
</failure>
    <system-err><![CDATA[Dec 11, 2018 11:46:43 AM org.openqa.selenium.remote.DesiredCapabilities chrome
INFO: Using `new ChromeOptions()` is preferred to `DesiredCapabilities.chrome()`
]]></system-err>
  </testcase>
  <testcase name="login" classname="com.grid.gridTest" time="4.614"/>
</testsuite>