<?xml version="1.0" encoding="UTF-8"?>
<testng-results ignored="0" total="1" passed="1" failed="0" skipped="0">
  <reporter-output>
  </reporter-output>
  <suite started-at="2018-12-09T07:26:20Z" name="Default suite" finished-at="2018-12-09T07:26:32Z" duration-ms="11478">
    <groups>
    </groups>
    <test started-at="2018-12-09T07:26:20Z" name="Default test" finished-at="2018-12-09T07:26:32Z" duration-ms="11478">
      <class name="homework.exelTest">
        <test-method is-config="true" signature="beforeEach()[pri:0, instance:homework.exelTest@6db9f5a4]" started-at="2018-12-09T07:26:20Z" name="beforeEach" finished-at="2018-12-09T07:26:23Z" duration-ms="2854" status="PASS">
          <reporter-output>
          </reporter-output>
        </test-method> <!-- beforeEach -->
        <test-method signature="sendData()[pri:0, instance:homework.exelTest@6db9f5a4]" started-at="2018-12-09T07:26:23Z" name="sendData" finished-at="2018-12-09T07:26:32Z" duration-ms="8477" status="PASS">
          <reporter-output>
          </reporter-output>
        </test-method> <!-- sendData -->
        <test-method is-config="true" signature="close()[pri:0, instance:homework.exelTest@6db9f5a4]" started-at="2018-12-09T07:26:32Z" name="close" finished-at="2018-12-09T07:26:32Z" duration-ms="132" status="PASS">
          <reporter-output>
          </reporter-output>
        </test-method> <!-- close -->
      </class> <!-- homework.exelTest -->
    </test> <!-- Default test -->
  </suite> <!-- Default suite -->
</testng-results>
