<?xml version="1.0" encoding="UTF-8"?>
<testng-results ignored="0" total="1" passed="1" failed="0" skipped="0">
  <reporter-output>
  </reporter-output>
  <suite started-at="2018-12-06T17:31:40Z" name="Command line suite" finished-at="2018-12-06T17:31:40Z" duration-ms="11">
    <groups>
    </groups>
    <test started-at="2018-12-06T17:31:40Z" name="Command line test" finished-at="2018-12-06T17:31:40Z" duration-ms="11">
      <class name="cybertek.AppTest">
        <test-method signature="testApp()[pri:0, instance:testApp(cybertek.AppTest)]" started-at="2018-12-06T17:31:40Z" name="testApp" finished-at="2018-12-06T17:31:40Z" duration-ms="1" status="PASS">
          <reporter-output>
          </reporter-output>
        </test-method> <!-- testApp -->
      </class> <!-- cybertek.AppTest -->
    </test> <!-- Command line test -->
  </suite> <!-- Command line suite -->
</testng-results>
