<?xml version="1.0" encoding="UTF-8"?>
<!-- Generated by org.testng.reporters.JUnitXMLReporter -->
<testsuite ignored="0" hostname="ferides-MacBook-Pro.local" failures="0" tests="4" name="Test" time="0.038" errors="0" timestamp="04 Dec 2018 21:29:32 GMT">
  <testcase classname="TestCase2.Priorty" name="LoginTest" time="0.009"/>
  <testcase classname="TestCase2.DependsOn" name="LoginTest" time="0.002"/>
  <testcase classname="TestCase2.Task" name="Register" time="0.001"/>
  <testcase classname="TestCase2.Priorty" name="PasswordChange" time="0.001"/>
</testsuite> <!-- Test -->
