<?xml version="1.0" encoding="UTF-8"?>
<testng-results ignored="0" total="1" passed="1" failed="0" skipped="0">
  <reporter-output>
  </reporter-output>
  <suite started-at="2018-12-11T20:05:17Z" name="Suite" finished-at="2018-12-11T20:05:30Z" duration-ms="12799">
    <groups>
    </groups>
    <test started-at="2018-12-11T20:05:17Z" name="Test" finished-at="2018-12-11T20:05:30Z" duration-ms="12799">
      <class name="com.cybertek.saurceTest">
        <test-method signature="login()[pri:0, instance:com.cybertek.saurceTest@74e52303]" started-at="2018-12-11T20:05:17Z" name="login" finished-at="2018-12-11T20:05:30Z" duration-ms="12784" status="PASS">
          <reporter-output>
          </reporter-output>
        </test-method> <!-- login -->
      </class> <!-- com.cybertek.saurceTest -->
    </test> <!-- Test -->
  </suite> <!-- Suite -->
</testng-results>
