<?xml version="1.0" encoding="UTF-8"?>
<testng-results ignored="0" total="1" passed="1" failed="0" skipped="0">
  <reporter-output>
  </reporter-output>
  <suite started-at="2018-12-07T02:24:06Z" name="Default suite" finished-at="2018-12-07T02:24:22Z" duration-ms="16247">
    <groups>
    </groups>
    <test started-at="2018-12-07T02:24:06Z" name="Default test" finished-at="2018-12-07T02:24:22Z" duration-ms="16247">
      <class name="cybertek.Yahoo">
        <test-method signature="navigationyahoo()[pri:0, instance:cybertek.Yahoo@1f59a598]" started-at="2018-12-07T02:24:06Z" name="navigationyahoo" finished-at="2018-12-07T02:24:22Z" duration-ms="16219" status="PASS">
          <reporter-output>
          </reporter-output>
        </test-method> <!-- navigationyahoo -->
      </class> <!-- cybertek.Yahoo -->
    </test> <!-- Default test -->
  </suite> <!-- Default suite -->
</testng-results>
