<?xml version="1.0" encoding="UTF-8"?>
<testng-results ignored="0" total="4" passed="4" failed="0" skipped="0">
  <reporter-output>
  </reporter-output>
  <suite started-at="2018-12-07T05:11:12Z" name="Suite" finished-at="2018-12-07T05:11:36Z" duration-ms="23931">
    <groups>
    </groups>
    <test started-at="2018-12-07T05:11:12Z" name="Test" finished-at="2018-12-07T05:11:36Z" duration-ms="23931">
      <class name="cybertek3.TaskTest">
        <test-method is-config="true" signature="beforeEach()[pri:0, instance:cybertek3.TaskTest@4ec4f3a0]" started-at="2018-12-07T05:11:12Z" name="beforeEach" finished-at="2018-12-07T05:11:20Z" duration-ms="8186" status="PASS">
          <reporter-output>
          </reporter-output>
        </test-method> <!-- beforeEach -->
        <test-method signature="verifyTitle()[pri:1, instance:cybertek3.TaskTest@4ec4f3a0]" started-at="2018-12-07T05:11:20Z" name="verifyTitle" finished-at="2018-12-07T05:11:20Z" duration-ms="8" status="PASS">
          <reporter-output>
          </reporter-output>
        </test-method> <!-- verifyTitle -->
        <test-method signature="searchJob(java.lang.String, java.lang.String)[pri:2, instance:cybertek3.TaskTest@4ec4f3a0]" started-at="2018-12-07T05:11:20Z" name="searchJob" data-provider="data" finished-at="2018-12-07T05:11:25Z" duration-ms="5461" status="PASS">
          <params>
            <param index="0">
              <value>
                <![CDATA[java developer]]>
              </value>
            </param>
            <param index="1">
              <value>
                <![CDATA[WA]]>
              </value>
            </param>
          </params>
          <reporter-output>
          </reporter-output>
        </test-method> <!-- searchJob -->
        <test-method signature="searchJob(java.lang.String, java.lang.String)[pri:2, instance:cybertek3.TaskTest@4ec4f3a0]" started-at="2018-12-07T05:11:25Z" name="searchJob" data-provider="data" finished-at="2018-12-07T05:11:28Z" duration-ms="3073" status="PASS">
          <params>
            <param index="0">
              <value>
                <![CDATA[javascript developer]]>
              </value>
            </param>
            <param index="1">
              <value>
                <![CDATA[WA]]>
              </value>
            </param>
          </params>
          <reporter-output>
          </reporter-output>
        </test-method> <!-- searchJob -->
        <test-method signature="searchJob(java.lang.String, java.lang.String)[pri:2, instance:cybertek3.TaskTest@4ec4f3a0]" started-at="2018-12-07T05:11:28Z" name="searchJob" data-provider="data" finished-at="2018-12-07T05:11:35Z" duration-ms="7058" status="PASS">
          <params>
            <param index="0">
              <value>
                <![CDATA[ruby developer]]>
              </value>
            </param>
            <param index="1">
              <value>
                <![CDATA[WA]]>
              </value>
            </param>
          </params>
          <reporter-output>
          </reporter-output>
        </test-method> <!-- searchJob -->
        <test-method is-config="true" signature="after()[pri:0, instance:cybertek3.TaskTest@4ec4f3a0]" started-at="2018-12-07T05:11:35Z" name="after" finished-at="2018-12-07T05:11:36Z" duration-ms="127" status="PASS">
          <reporter-output>
          </reporter-output>
        </test-method> <!-- after -->
      </class> <!-- cybertek3.TaskTest -->
    </test> <!-- Test -->
  </suite> <!-- Suite -->
</testng-results>
