<?xml version="1.0" encoding="UTF-8"?>
<testng-results ignored="0" total="1" passed="1" failed="0" skipped="0">
  <reporter-output>
  </reporter-output>
  <suite started-at="2018-12-07T17:14:07Z" name="Suite" finished-at="2018-12-07T17:14:14Z" duration-ms="7186">
    <groups>
    </groups>
    <test started-at="2018-12-07T17:14:07Z" name="Test" finished-at="2018-12-07T17:14:14Z" duration-ms="7186">
      <class name="com.newtours.loginTest">
        <test-method is-config="true" signature="setup()[pri:0, instance:com.newtours.loginTest@1623b78d]" started-at="2018-12-07T17:14:07Z" name="setup" finished-at="2018-12-07T17:14:10Z" duration-ms="3048" status="PASS">
          <reporter-output>
          </reporter-output>
        </test-method> <!-- setup -->
        <test-method signature="login()[pri:0, instance:com.newtours.loginTest@1623b78d]" started-at="2018-12-07T17:14:10Z" name="login" finished-at="2018-12-07T17:14:14Z" duration-ms="4038" status="PASS">
          <reporter-output>
          </reporter-output>
        </test-method> <!-- login -->
        <test-method is-config="true" signature="closeUp()[pri:0, instance:com.newtours.loginTest@1623b78d]" started-at="2018-12-07T17:14:14Z" name="closeUp" finished-at="2018-12-07T17:14:14Z" duration-ms="85" status="PASS">
          <reporter-output>
          </reporter-output>
        </test-method> <!-- closeUp -->
      </class> <!-- com.newtours.loginTest -->
    </test> <!-- Test -->
  </suite> <!-- Suite -->
</testng-results>
