<?xml version="1.0" encoding="UTF-8"?>
<!-- Generated by org.testng.reporters.JUnitXMLReporter -->
<testsuite ignored="0" hostname="ferides-MacBook-Pro.local" failures="0" tests="4" name="Default test" time="0.035" errors="0" timestamp="04 Dec 2018 21:23:50 GMT">
  <testcase classname="TestCase2.Task" name="Register" time="0.005"/>
  <testcase classname="TestCase2.Task" name="Search" time="0.001"/>
  <testcase classname="TestCase2.Task" name="Buy" time="0.001"/>
  <testcase classname="TestCase2.Task" name="Pay" time="0.001"/>
</testsuite> <!-- Default test -->
